
> frontend@0.0.0 start
> ng serve

[33m>[39m Building...
[32m√[39m Building...
[1mInitial chunk files[22m[2m | [22m[1mNames[22m              [2m | [22m [1mRaw size[22m
[32mchunk-FAUT66LI.js[39m  [2m | [22m[2m-[22m                  [2m | [22m [36m45.97 kB[39m[2m | [22m
[32mstyles.css[39m         [2m | [22m[2mstyles[22m             [2m | [22m  [36m5.14 kB[39m[2m | [22m
[32mmain.js[39m            [2m | [22m[2mmain[22m               [2m | [22m  [36m4.62 kB[39m[2m | [22m
[32mchunk-GOMI4DH3.js[39m  [2m | [22m[2m-[22m                  [2m | [22m  [36m1.37 kB[39m[2m | [22m

[1m [22m                  [2m | [22m[1mInitial total[22m      [2m | [22m [1m57.11 kB[22m

[1mLazy chunk files[22m   [2m | [22m[1mNames[22m              [2m | [22m [1mRaw size[22m
[32mchunk-WBWP6QQH.js[39m  [2m | [22m[2madmin-component[22m    [2m | [22m[36m140.02 kB[39m[2m | [22m
[32mchunk-RM3MMZCE.js[39m  [2m | [22m[2mdashboard-component[22m[2m | [22m[36m116.60 kB[39m[2m | [22m
[32mchunk-LXWZLVBN.js[39m  [2m | [22m[2mregister-component[22m [2m | [22m [36m10.84 kB[39m[2m | [22m
[32mchunk-LGK2MAWP.js[39m  [2m | [22m[2mlogin-component[22m    [2m | [22m  [36m9.11 kB[39m[2m | [22m
[32mchunk-5R2FIHFK.js[39m  [2m | [22m[2mauth-routes[22m        [2m | [22m[36m464 bytes[39m[2m | [22m
[32mchunk-HNJBMDZC.js[39m  [2m | [22m[2mdashboard-routes[22m   [2m | [22m[36m294 bytes[39m[2m | [22m
[32mchunk-625AYHP3.js[39m  [2m | [22m[2madmin-routes[22m       [2m | [22m[36m274 bytes[39m[2m | [22m

Application bundle generation complete. [10.605 seconds] - 2026-06-27T05:29:56.555Z

Watch mode enabled. Watching for file changes...
NOTE: Raw file sizes do not reflect development server per-request transformations.
  [32m➜[39m  [1mLocal[22m:   [36mhttp://localhost:[1m4200[22m/[39m
[33m>[39m Changes detected. Rebuilding...
[32m√[39m Changes detected. Rebuilding...
[1mInitial chunk files[22m[2m | [22m[1mNames[22m          [2m | [22m [1mRaw size[22m
[32mmain.js[39m            [2m | [22m[2mmain[22m           [2m | [22m  [36m4.62 kB[39m[2m | [22m

[1mLazy chunk files[22m   [2m | [22m[1mNames[22m          [2m | [22m [1mRaw size[22m
[32mchunk-76XOW27L.js[39m  [2m | [22m[2madmin-component[22m[2m | [22m[36m140.13 kB[39m[2m | [22m
[32mchunk-I2DZV3IO.js[39m  [2m | [22m[2madmin-routes[22m   [2m | [22m[36m274 bytes[39m[2m | [22m

Application bundle generation complete. [2.662 seconds] - 2026-06-27T13:29:45.069Z

Page reload sent to client(s).
[33m>[39m Changes detected. Rebuilding...
[32m√[39m Changes detected. Rebuilding...
[1mInitial chunk files[22m[2m | [22m[1mNames[22m              [2m | [22m [1mRaw size[22m
[32mchunk-FAUT66LI.js[39m  [2m | [22m[2m-[22m                  [2m | [22m [36m45.97 kB[39m[2m | [22m
[32mstyles.css[39m         [2m | [22m[2mstyles[22m             [2m | [22m  [36m5.14 kB[39m[2m | [22m
[32mmain.js[39m            [2m | [22m[2mmain[22m               [2m | [22m  [36m4.62 kB[39m[2m | [22m
[32mchunk-GOMI4DH3.js[39m  [2m | [22m[2m-[22m                  [2m | [22m  [36m1.37 kB[39m[2m | [22m

[1m [22m                  [2m | [22m[1mInitial total[22m      [2m | [22m [1m57.11 kB[22m

[1mLazy chunk files[22m   [2m | [22m[1mNames[22m              [2m | [22m [1mRaw size[22m
[32mchunk-76XOW27L.js[39m  [2m | [22m[2madmin-component[22m    [2m | [22m[36m140.13 kB[39m[2m | [22m
[32mchunk-RM3MMZCE.js[39m  [2m | [22m[2mdashboard-component[22m[2m | [22m[36m116.60 kB[39m[2m | [22m
[32mchunk-LXWZLVBN.js[39m  [2m | [22m[2mregister-component[22m [2m | [22m [36m10.84 kB[39m[2m | [22m
[32mchunk-LGK2MAWP.js[39m  [2m | [22m[2mlogin-component[22m    [2m | [22m  [36m9.11 kB[39m[2m | [22m
[32mchunk-5R2FIHFK.js[39m  [2m | [22m[2mauth-routes[22m        [2m | [22m[36m464 bytes[39m[2m | [22m
[32mchunk-HNJBMDZC.js[39m  [2m | [22m[2mdashboard-routes[22m   [2m | [22m[36m294 bytes[39m[2m | [22m
[32mchunk-I2DZV3IO.js[39m  [2m | [22m[2madmin-routes[22m       [2m | [22m[36m274 bytes[39m[2m | [22m

Application bundle generation complete. [1.209 seconds] - 2026-06-27T16:20:19.132Z

[33m>[39m Changes detected. Rebuilding...
[32m√[39m Changes detected. Rebuilding...
[1mInitial chunk files[22m[2m | [22m[1mNames[22m              [2m | [22m [1mRaw size[22m
[32mchunk-DHRDEV2S.js[39m  [2m | [22m[2m-[22m                  [2m | [22m [36m45.97 kB[39m[2m | [22m
[32mmain.js[39m            [2m | [22m[2mmain[22m               [2m | [22m  [36m4.62 kB[39m[2m | [22m

[1mLazy chunk files[22m   [2m | [22m[1mNames[22m              [2m | [22m [1mRaw size[22m
[32mchunk-QZWR4YLO.js[39m  [2m | [22m[2madmin-component[22m    [2m | [22m[36m140.13 kB[39m[2m | [22m
[32mchunk-L5A6AI3A.js[39m  [2m | [22m[2mdashboard-component[22m[2m | [22m[36m116.60 kB[39m[2m | [22m
[32mchunk-NOOBULWG.js[39m  [2m | [22m[2mregister-component[22m [2m | [22m [36m10.84 kB[39m[2m | [22m
[32mchunk-DXTWG7AW.js[39m  [2m | [22m[2mlogin-component[22m    [2m | [22m  [36m9.11 kB[39m[2m | [22m
[32mchunk-BPFCW2W6.js[39m  [2m | [22m[2mauth-routes[22m        [2m | [22m[36m464 bytes[39m[2m | [22m
[32mchunk-SHV7N2LX.js[39m  [2m | [22m[2mdashboard-routes[22m   [2m | [22m[36m294 bytes[39m[2m | [22m
[32mchunk-P4POZ7TV.js[39m  [2m | [22m[2madmin-routes[22m       [2m | [22m[36m274 bytes[39m[2m | [22m

Application bundle generation complete. [0.590 seconds] - 2026-06-27T16:35:32.538Z

Page reload sent to client(s).
[33m>[39m Changes detected. Rebuilding...
[32m√[39m Changes detected. Rebuilding...
Application bundle generation failed. [0.282 seconds] - 2026-06-27T16:37:01.854Z

[33m>[39m Changes detected. Rebuilding...
[32m√[39m Changes detected. Rebuilding...
[1mInitial chunk files[22m[2m | [22m[1mNames[22m              [2m | [22m [1mRaw size[22m
[32mchunk-Y6PNCSNM.js[39m  [2m | [22m[2m-[22m                  [2m | [22m [36m48.35 kB[39m[2m | [22m
[32mstyles.css[39m         [2m | [22m[2mstyles[22m             [2m | [22m  [36m5.14 kB[39m[2m | [22m
[32mmain.js[39m            [2m | [22m[2mmain[22m               [2m | [22m  [36m4.62 kB[39m[2m | [22m
[32mchunk-GOMI4DH3.js[39m  [2m | [22m[2m-[22m                  [2m | [22m  [36m1.37 kB[39m[2m | [22m

[1m [22m                  [2m | [22m[1mInitial total[22m      [2m | [22m [1m59.49 kB[22m

[1mLazy chunk files[22m   [2m | [22m[1mNames[22m              [2m | [22m [1mRaw size[22m
[32mchunk-PTVAWLSL.js[39m  [2m | [22m[2madmin-component[22m    [2m | [22m[36m140.13 kB[39m[2m | [22m
[32mchunk-BWTYSJQS.js[39m  [2m | [22m[2mdashboard-component[22m[2m | [22m[36m116.60 kB[39m[2m | [22m
[32mchunk-3IGO7HX5.js[39m  [2m | [22m[2mregister-component[22m [2m | [22m [36m10.84 kB[39m[2m | [22m
[32mchunk-T7PXKESC.js[39m  [2m | [22m[2mlogin-component[22m    [2m | [22m  [36m9.11 kB[39m[2m | [22m
[32mchunk-UMHVBT7Q.js[39m  [2m | [22m[2mauth-routes[22m        [2m | [22m[36m464 bytes[39m[2m | [22m
[32mchunk-XLD53CSO.js[39m  [2m | [22m[2mdashboard-routes[22m   [2m | [22m[36m294 bytes[39m[2m | [22m
[32mchunk-CHZN7ASN.js[39m  [2m | [22m[2madmin-routes[22m       [2m | [22m[36m274 bytes[39m[2m | [22m

Application bundle generation complete. [0.328 seconds] - 2026-06-27T16:43:51.496Z

Page reload sent to client(s).
